{"total": {"lines":{"total":2778,"covered":2675,"skipped":0,"pct":96.29},"statements":{"total":3238,"covered":3101,"skipped":0,"pct":95.76},"functions":{"total":654,"covered":620,"skipped":0,"pct":94.8},"branches":{"total":1868,"covered":1651,"skipped":0,"pct":88.38},"branchesTrue":{"total":0,"covered":0,"skipped":0,"pct":100}}
,"/Users/hatanakatomoya/Developer/App/QSimCity/packages/domain/src/circuit.ts": {"lines":{"total":76,"covered":73,"skipped":0,"pct":96.05},"functions":{"total":12,"covered":11,"skipped":0,"pct":91.66},"statements":{"total":96,"covered":93,"skipped":0,"pct":96.87},"branches":{"total":78,"covered":76,"skipped":0,"pct":97.43}}
,"/Users/hatanakatomoya/Developer/App/QSimCity/packages/domain/src/complex.ts": {"lines":{"total":62,"covered":62,"skipped":0,"pct":100},"functions":{"total":6,"covered":6,"skipped":0,"pct":100},"statements":{"total":79,"covered":79,"skipped":0,"pct":100},"branches":{"total":13,"covered":13,"skipped":0,"pct":100}}
,"/Users/hatanakatomoya/Developer/App/QSimCity/packages/domain/src/gates.ts": {"lines":{"total":47,"covered":47,"skipped":0,"pct":100},"functions":{"total":11,"covered":11,"skipped":0,"pct":100},"statements":{"total":50,"covered":50,"skipped":0,"pct":100},"branches":{"total":6,"covered":6,"skipped":0,"pct":100}}
,"/Users/hatanakatomoya/Developer/App/QSimCity/packages/domain/src/rng.ts": {"lines":{"total":29,"covered":29,"skipped":0,"pct":100},"functions":{"total":7,"covered":7,"skipped":0,"pct":100},"statements":{"total":32,"covered":32,"skipped":0,"pct":100},"branches":{"total":0,"covered":0,"skipped":0,"pct":100}}
,"/Users/hatanakatomoya/Developer/App/QSimCity/packages/domain/src/samples.ts": {"lines":{"total":4,"covered":4,"skipped":0,"pct":100},"functions":{"total":2,"covered":2,"skipped":0,"pct":100},"statements":{"total":6,"covered":6,"skipped":0,"pct":100},"branches":{"total":2,"covered":2,"skipped":0,"pct":100}}
,"/Users/hatanakatomoya/Developer/App/QSimCity/packages/domain/src/topology.ts": {"lines":{"total":71,"covered":70,"skipped":0,"pct":98.59},"functions":{"total":21,"covered":21,"skipped":0,"pct":100},"statements":{"total":97,"covered":96,"skipped":0,"pct":98.96},"branches":{"total":20,"covered":20,"skipped":0,"pct":100}}
,"/Users/hatanakatomoya/Developer/App/QSimCity/packages/domain/src/qasm/lexer.ts": {"lines":{"total":78,"covered":78,"skipped":0,"pct":100},"functions":{"total":3,"covered":3,"skipped":0,"pct":100},"statements":{"total":82,"covered":82,"skipped":0,"pct":100},"branches":{"total":52,"covered":49,"skipped":0,"pct":94.23}}
,"/Users/hatanakatomoya/Developer/App/QSimCity/packages/domain/src/qasm/parser.ts": {"lines":{"total":358,"covered":351,"skipped":0,"pct":98.04},"functions":{"total":49,"covered":49,"skipped":0,"pct":100},"statements":{"total":382,"covered":373,"skipped":0,"pct":97.64},"branches":{"total":252,"covered":238,"skipped":0,"pct":94.44}}
,"/Users/hatanakatomoya/Developer/App/QSimCity/packages/reference-compiler/src/compile.ts": {"lines":{"total":44,"covered":44,"skipped":0,"pct":100},"functions":{"total":5,"covered":5,"skipped":0,"pct":100},"statements":{"total":45,"covered":45,"skipped":0,"pct":100},"branches":{"total":16,"covered":16,"skipped":0,"pct":100}}
,"/Users/hatanakatomoya/Developer/App/QSimCity/packages/reference-compiler/src/euler.ts": {"lines":{"total":45,"covered":45,"skipped":0,"pct":100},"functions":{"total":7,"covered":7,"skipped":0,"pct":100},"statements":{"total":54,"covered":54,"skipped":0,"pct":100},"branches":{"total":25,"covered":25,"skipped":0,"pct":100}}
,"/Users/hatanakatomoya/Developer/App/QSimCity/packages/reference-compiler/src/passes.ts": {"lines":{"total":208,"covered":201,"skipped":0,"pct":96.63},"functions":{"total":35,"covered":35,"skipped":0,"pct":100},"statements":{"total":239,"covered":231,"skipped":0,"pct":96.65},"branches":{"total":136,"covered":119,"skipped":0,"pct":87.5}}
,"/Users/hatanakatomoya/Developer/App/QSimCity/packages/simulator/src/engine.ts": {"lines":{"total":147,"covered":147,"skipped":0,"pct":100},"functions":{"total":13,"covered":13,"skipped":0,"pct":100},"statements":{"total":176,"covered":174,"skipped":0,"pct":98.86},"branches":{"total":103,"covered":99,"skipped":0,"pct":96.11}}
,"/Users/hatanakatomoya/Developer/App/QSimCity/packages/simulator/src/experiment.ts": {"lines":{"total":37,"covered":37,"skipped":0,"pct":100},"functions":{"total":9,"covered":9,"skipped":0,"pct":100},"statements":{"total":37,"covered":37,"skipped":0,"pct":100},"branches":{"total":35,"covered":33,"skipped":0,"pct":94.28}}
,"/Users/hatanakatomoya/Developer/App/QSimCity/packages/simulator/src/noise.ts": {"lines":{"total":43,"covered":43,"skipped":0,"pct":100},"functions":{"total":6,"covered":6,"skipped":0,"pct":100},"statements":{"total":51,"covered":51,"skipped":0,"pct":100},"branches":{"total":32,"covered":32,"skipped":0,"pct":100}}
,"/Users/hatanakatomoya/Developer/App/QSimCity/packages/simulator/src/statevector.ts": {"lines":{"total":124,"covered":124,"skipped":0,"pct":100},"functions":{"total":12,"covered":12,"skipped":0,"pct":100},"statements":{"total":157,"covered":157,"skipped":0,"pct":100},"branches":{"total":35,"covered":35,"skipped":0,"pct":100}}
,"/Users/hatanakatomoya/Developer/App/QSimCity/packages/simulator/src/worker-protocol.ts": {"lines":{"total":0,"covered":0,"skipped":0,"pct":100},"functions":{"total":0,"covered":0,"skipped":0,"pct":100},"statements":{"total":0,"covered":0,"skipped":0,"pct":100},"branches":{"total":0,"covered":0,"skipped":0,"pct":100}}
,"/Users/hatanakatomoya/Developer/App/QSimCity/packages/trace/src/builder.ts": {"lines":{"total":12,"covered":12,"skipped":0,"pct":100},"functions":{"total":5,"covered":5,"skipped":0,"pct":100},"statements":{"total":13,"covered":13,"skipped":0,"pct":100},"branches":{"total":32,"covered":32,"skipped":0,"pct":100}}
,"/Users/hatanakatomoya/Developer/App/QSimCity/packages/trace/src/hash.ts": {"lines":{"total":31,"covered":30,"skipped":0,"pct":96.77},"functions":{"total":8,"covered":8,"skipped":0,"pct":100},"statements":{"total":38,"covered":37,"skipped":0,"pct":97.36},"branches":{"total":25,"covered":23,"skipped":0,"pct":92}}
,"/Users/hatanakatomoya/Developer/App/QSimCity/packages/trace/src/migrate.ts": {"lines":{"total":27,"covered":26,"skipped":0,"pct":96.29},"functions":{"total":3,"covered":3,"skipped":0,"pct":100},"statements":{"total":31,"covered":30,"skipped":0,"pct":96.77},"branches":{"total":19,"covered":18,"skipped":0,"pct":94.73}}
,"/Users/hatanakatomoya/Developer/App/QSimCity/packages/trace/src/schema.ts": {"lines":{"total":11,"covered":11,"skipped":0,"pct":100},"functions":{"total":0,"covered":0,"skipped":0,"pct":100},"statements":{"total":11,"covered":11,"skipped":0,"pct":100},"branches":{"total":0,"covered":0,"skipped":0,"pct":100}}
,"/Users/hatanakatomoya/Developer/App/QSimCity/packages/trace/src/serialize.ts": {"lines":{"total":8,"covered":8,"skipped":0,"pct":100},"functions":{"total":5,"covered":5,"skipped":0,"pct":100},"statements":{"total":8,"covered":8,"skipped":0,"pct":100},"branches":{"total":2,"covered":2,"skipped":0,"pct":100}}
,"/Users/hatanakatomoya/Developer/App/QSimCity/packages/trace/src/types.ts": {"lines":{"total":8,"covered":8,"skipped":0,"pct":100},"functions":{"total":1,"covered":1,"skipped":0,"pct":100},"statements":{"total":8,"covered":8,"skipped":0,"pct":100},"branches":{"total":0,"covered":0,"skipped":0,"pct":100}}
,"/Users/hatanakatomoya/Developer/App/QSimCity/packages/trace/src/validate.ts": {"lines":{"total":68,"covered":66,"skipped":0,"pct":97.05},"functions":{"total":9,"covered":9,"skipped":0,"pct":100},"statements":{"total":75,"covered":73,"skipped":0,"pct":97.33},"branches":{"total":43,"covered":41,"skipped":0,"pct":95.34}}
,"/Users/hatanakatomoya/Developer/App/QSimCity/packages/ui/src/App.tsx": {"lines":{"total":60,"covered":57,"skipped":0,"pct":95},"functions":{"total":16,"covered":15,"skipped":0,"pct":93.75},"statements":{"total":67,"covered":63,"skipped":0,"pct":94.02},"branches":{"total":57,"covered":47,"skipped":0,"pct":82.45}}
,"/Users/hatanakatomoya/Developer/App/QSimCity/packages/ui/src/components/CertaintyBadge.tsx": {"lines":{"total":3,"covered":3,"skipped":0,"pct":100},"functions":{"total":1,"covered":1,"skipped":0,"pct":100},"statements":{"total":3,"covered":3,"skipped":0,"pct":100},"branches":{"total":0,"covered":0,"skipped":0,"pct":100}}
,"/Users/hatanakatomoya/Developer/App/QSimCity/packages/ui/src/components/CircuitDiagram.tsx": {"lines":{"total":77,"covered":77,"skipped":0,"pct":100},"functions":{"total":18,"covered":18,"skipped":0,"pct":100},"statements":{"total":99,"covered":98,"skipped":0,"pct":98.98},"branches":{"total":92,"covered":84,"skipped":0,"pct":91.3}}
,"/Users/hatanakatomoya/Developer/App/QSimCity/packages/ui/src/components/CommandPalette.tsx": {"lines":{"total":48,"covered":44,"skipped":0,"pct":91.66},"functions":{"total":27,"covered":23,"skipped":0,"pct":85.18},"statements":{"total":57,"covered":53,"skipped":0,"pct":92.98},"branches":{"total":26,"covered":23,"skipped":0,"pct":88.46}}
,"/Users/hatanakatomoya/Developer/App/QSimCity/packages/ui/src/components/CouplingMap.tsx": {"lines":{"total":31,"covered":31,"skipped":0,"pct":100},"functions":{"total":14,"covered":14,"skipped":0,"pct":100},"statements":{"total":38,"covered":38,"skipped":0,"pct":100},"branches":{"total":32,"covered":30,"skipped":0,"pct":93.75}}
,"/Users/hatanakatomoya/Developer/App/QSimCity/packages/ui/src/components/EventLog.tsx": {"lines":{"total":27,"covered":27,"skipped":0,"pct":100},"functions":{"total":4,"covered":4,"skipped":0,"pct":100},"statements":{"total":28,"covered":28,"skipped":0,"pct":100},"branches":{"total":81,"covered":53,"skipped":0,"pct":65.43}}
,"/Users/hatanakatomoya/Developer/App/QSimCity/packages/ui/src/components/HelpOverlay.tsx": {"lines":{"total":13,"covered":13,"skipped":0,"pct":100},"functions":{"total":9,"covered":9,"skipped":0,"pct":100},"statements":{"total":19,"covered":19,"skipped":0,"pct":100},"branches":{"total":8,"covered":7,"skipped":0,"pct":87.5}}
,"/Users/hatanakatomoya/Developer/App/QSimCity/packages/ui/src/components/Histogram.tsx": {"lines":{"total":26,"covered":26,"skipped":0,"pct":100},"functions":{"total":17,"covered":17,"skipped":0,"pct":100},"statements":{"total":32,"covered":32,"skipped":0,"pct":100},"branches":{"total":25,"covered":23,"skipped":0,"pct":92}}
,"/Users/hatanakatomoya/Developer/App/QSimCity/packages/ui/src/components/Inspector.tsx": {"lines":{"total":49,"covered":47,"skipped":0,"pct":95.91},"functions":{"total":24,"covered":22,"skipped":0,"pct":91.66},"statements":{"total":71,"covered":69,"skipped":0,"pct":97.18},"branches":{"total":71,"covered":63,"skipped":0,"pct":88.73}}
,"/Users/hatanakatomoya/Developer/App/QSimCity/packages/ui/src/components/LabControls.tsx": {"lines":{"total":54,"covered":51,"skipped":0,"pct":94.44},"functions":{"total":25,"covered":22,"skipped":0,"pct":88},"statements":{"total":64,"covered":60,"skipped":0,"pct":93.75},"branches":{"total":36,"covered":29,"skipped":0,"pct":80.55}}
,"/Users/hatanakatomoya/Developer/App/QSimCity/packages/ui/src/components/MetricsPanel.tsx": {"lines":{"total":5,"covered":4,"skipped":0,"pct":80},"functions":{"total":5,"covered":4,"skipped":0,"pct":80},"statements":{"total":7,"covered":6,"skipped":0,"pct":85.71},"branches":{"total":21,"covered":20,"skipped":0,"pct":95.23}}
,"/Users/hatanakatomoya/Developer/App/QSimCity/packages/ui/src/components/ProvenancePanel.tsx": {"lines":{"total":7,"covered":7,"skipped":0,"pct":100},"functions":{"total":6,"covered":6,"skipped":0,"pct":100},"statements":{"total":7,"covered":7,"skipped":0,"pct":100},"branches":{"total":4,"covered":4,"skipped":0,"pct":100}}
,"/Users/hatanakatomoya/Developer/App/QSimCity/packages/ui/src/components/ResultsSection.tsx": {"lines":{"total":9,"covered":9,"skipped":0,"pct":100},"functions":{"total":3,"covered":3,"skipped":0,"pct":100},"statements":{"total":11,"covered":11,"skipped":0,"pct":100},"branches":{"total":27,"covered":23,"skipped":0,"pct":85.18}}
,"/Users/hatanakatomoya/Developer/App/QSimCity/packages/ui/src/components/SchedulePanel.tsx": {"lines":{"total":14,"covered":12,"skipped":0,"pct":85.71},"functions":{"total":9,"covered":7,"skipped":0,"pct":77.77},"statements":{"total":19,"covered":16,"skipped":0,"pct":84.21},"branches":{"total":18,"covered":10,"skipped":0,"pct":55.55}}
,"/Users/hatanakatomoya/Developer/App/QSimCity/packages/ui/src/components/SettingsMenu.tsx": {"lines":{"total":22,"covered":21,"skipped":0,"pct":95.45},"functions":{"total":15,"covered":14,"skipped":0,"pct":93.33},"statements":{"total":27,"covered":26,"skipped":0,"pct":96.29},"branches":{"total":12,"covered":11,"skipped":0,"pct":91.66}}
,"/Users/hatanakatomoya/Developer/App/QSimCity/packages/ui/src/components/TimelineBar.tsx": {"lines":{"total":12,"covered":11,"skipped":0,"pct":91.66},"functions":{"total":9,"covered":8,"skipped":0,"pct":88.88},"statements":{"total":17,"covered":16,"skipped":0,"pct":94.11},"branches":{"total":8,"covered":8,"skipped":0,"pct":100}}
,"/Users/hatanakatomoya/Developer/App/QSimCity/packages/ui/src/components/Toast.tsx": {"lines":{"total":8,"covered":8,"skipped":0,"pct":100},"functions":{"total":4,"covered":4,"skipped":0,"pct":100},"statements":{"total":12,"covered":12,"skipped":0,"pct":100},"branches":{"total":4,"covered":4,"skipped":0,"pct":100}}
,"/Users/hatanakatomoya/Developer/App/QSimCity/packages/ui/src/hooks/usePlaybackLoop.ts": {"lines":{"total":14,"covered":14,"skipped":0,"pct":100},"functions":{"total":7,"covered":7,"skipped":0,"pct":100},"statements":{"total":21,"covered":19,"skipped":0,"pct":90.47},"branches":{"total":12,"covered":10,"skipped":0,"pct":83.33}}
,"/Users/hatanakatomoya/Developer/App/QSimCity/packages/ui/src/pipeline/runPipeline.ts": {"lines":{"total":16,"covered":16,"skipped":0,"pct":100},"functions":{"total":2,"covered":2,"skipped":0,"pct":100},"statements":{"total":17,"covered":17,"skipped":0,"pct":100},"branches":{"total":12,"covered":11,"skipped":0,"pct":91.66}}
,"/Users/hatanakatomoya/Developer/App/QSimCity/packages/ui/src/pipeline/workerClient.ts": {"lines":{"total":41,"covered":14,"skipped":0,"pct":34.14},"functions":{"total":12,"covered":5,"skipped":0,"pct":41.66},"statements":{"total":47,"covered":16,"skipped":0,"pct":34.04},"branches":{"total":20,"covered":5,"skipped":0,"pct":25}}
,"/Users/hatanakatomoya/Developer/App/QSimCity/packages/ui/src/scenarios/ScenarioPanel.tsx": {"lines":{"total":27,"covered":23,"skipped":0,"pct":85.18},"functions":{"total":12,"covered":11,"skipped":0,"pct":91.66},"statements":{"total":31,"covered":27,"skipped":0,"pct":87.09},"branches":{"total":24,"covered":20,"skipped":0,"pct":83.33}}
,"/Users/hatanakatomoya/Developer/App/QSimCity/packages/ui/src/scenarios/scenarios.ts": {"lines":{"total":37,"covered":37,"skipped":0,"pct":100},"functions":{"total":29,"covered":29,"skipped":0,"pct":100},"statements":{"total":52,"covered":50,"skipped":0,"pct":96.15},"branches":{"total":40,"covered":33,"skipped":0,"pct":82.5}}
,"/Users/hatanakatomoya/Developer/App/QSimCity/packages/ui/src/scenarios/vqe.ts": {"lines":{"total":39,"covered":39,"skipped":0,"pct":100},"functions":{"total":4,"covered":4,"skipped":0,"pct":100},"statements":{"total":42,"covered":42,"skipped":0,"pct":100},"branches":{"total":12,"covered":11,"skipped":0,"pct":91.66}}
,"/Users/hatanakatomoya/Developer/App/QSimCity/packages/ui/src/store/appStore.ts": {"lines":{"total":115,"covered":93,"skipped":0,"pct":80.86},"functions":{"total":35,"covered":33,"skipped":0,"pct":94.28},"statements":{"total":127,"covered":100,"skipped":0,"pct":78.74},"branches":{"total":48,"covered":30,"skipped":0,"pct":62.5}}
,"/Users/hatanakatomoya/Developer/App/QSimCity/packages/ui/src/store/shareUrl.ts": {"lines":{"total":34,"covered":32,"skipped":0,"pct":94.11},"functions":{"total":5,"covered":5,"skipped":0,"pct":100},"statements":{"total":47,"covered":41,"skipped":0,"pct":87.23},"branches":{"total":41,"covered":34,"skipped":0,"pct":82.92}}
,"/Users/hatanakatomoya/Developer/App/QSimCity/packages/ui/src/tour/TourOverlay.tsx": {"lines":{"total":16,"covered":16,"skipped":0,"pct":100},"functions":{"total":9,"covered":9,"skipped":0,"pct":100},"statements":{"total":20,"covered":20,"skipped":0,"pct":100},"branches":{"total":4,"covered":3,"skipped":0,"pct":75}}
,"/Users/hatanakatomoya/Developer/App/QSimCity/packages/ui/src/tour/chapters.ts": {"lines":{"total":1,"covered":1,"skipped":0,"pct":100},"functions":{"total":0,"covered":0,"skipped":0,"pct":100},"statements":{"total":1,"covered":1,"skipped":0,"pct":100},"branches":{"total":0,"covered":0,"skipped":0,"pct":100}}
,"/Users/hatanakatomoya/Developer/App/QSimCity/packages/ui/src/views/Accessible2DView.tsx": {"lines":{"total":10,"covered":7,"skipped":0,"pct":70},"functions":{"total":8,"covered":5,"skipped":0,"pct":62.5},"statements":{"total":14,"covered":11,"skipped":0,"pct":78.57},"branches":{"total":22,"covered":16,"skipped":0,"pct":72.72}}
,"/Users/hatanakatomoya/Developer/App/QSimCity/packages/ui/src/views/CompareView.tsx": {"lines":{"total":5,"covered":5,"skipped":0,"pct":100},"functions":{"total":4,"covered":4,"skipped":0,"pct":100},"statements":{"total":7,"covered":7,"skipped":0,"pct":100},"branches":{"total":8,"covered":7,"skipped":0,"pct":87.5}}
,"/Users/hatanakatomoya/Developer/App/QSimCity/packages/ui/src/views/HomeView.tsx": {"lines":{"total":8,"covered":5,"skipped":0,"pct":62.5},"functions":{"total":7,"covered":4,"skipped":0,"pct":57.14},"statements":{"total":9,"covered":6,"skipped":0,"pct":66.66},"branches":{"total":2,"covered":2,"skipped":0,"pct":100}}
,"/Users/hatanakatomoya/Developer/App/QSimCity/packages/visual-engine/src/cameras.ts": {"lines":{"total":141,"covered":139,"skipped":0,"pct":98.58},"functions":{"total":18,"covered":18,"skipped":0,"pct":100},"statements":{"total":153,"covered":147,"skipped":0,"pct":96.07},"branches":{"total":104,"covered":87,"skipped":0,"pct":83.65}}
,"/Users/hatanakatomoya/Developer/App/QSimCity/packages/visual-engine/src/instanced-city.ts": {"lines":{"total":162,"covered":162,"skipped":0,"pct":100},"functions":{"total":19,"covered":18,"skipped":0,"pct":94.73},"statements":{"total":178,"covered":176,"skipped":0,"pct":98.87},"branches":{"total":39,"covered":36,"skipped":0,"pct":92.3}}
,"/Users/hatanakatomoya/Developer/App/QSimCity/packages/world/src/buildings.ts": {"lines":{"total":61,"covered":60,"skipped":0,"pct":98.36},"functions":{"total":33,"covered":32,"skipped":0,"pct":96.96},"statements":{"total":69,"covered":67,"skipped":0,"pct":97.1},"branches":{"total":6,"covered":5,"skipped":0,"pct":83.33}}
,"/Users/hatanakatomoya/Developer/App/QSimCity/packages/world/src/districts.ts": {"lines":{"total":9,"covered":9,"skipped":0,"pct":100},"functions":{"total":4,"covered":4,"skipped":0,"pct":100},"statements":{"total":13,"covered":12,"skipped":0,"pct":92.3},"branches":{"total":4,"covered":3,"skipped":0,"pct":75}}
,"/Users/hatanakatomoya/Developer/App/QSimCity/packages/world/src/interactives.ts": {"lines":{"total":2,"covered":2,"skipped":0,"pct":100},"functions":{"total":2,"covered":2,"skipped":0,"pct":100},"statements":{"total":3,"covered":3,"skipped":0,"pct":100},"branches":{"total":0,"covered":0,"skipped":0,"pct":100}}
,"/Users/hatanakatomoya/Developer/App/QSimCity/packages/world/src/playback.ts": {"lines":{"total":37,"covered":37,"skipped":0,"pct":100},"functions":{"total":9,"covered":9,"skipped":0,"pct":100},"statements":{"total":42,"covered":42,"skipped":0,"pct":100},"branches":{"total":22,"covered":20,"skipped":0,"pct":90.9}}
}
